# JRE version: OpenJDK Runtime Environment (8.0_131-b11) (build 1.8.0_131-8u131-b11-2ubuntu1.17.04.3-b11)
# Java VM: OpenJDK 64-Bit Server VM (25.131-b11 mixed mode linux-amd64 compressed oops)
Heap:
 PSYoungGen      total 416256K, used 11747K [0x00000000d6f00000, 0x00000000f1180000, 0x0000000100000000)
  eden space 404480K, 0% used [0x00000000d6f00000,0x00000000d6f00000,0x00000000efa00000)
  from space 11776K, 99% used [0x00000000efa00000,0x00000000f0578d18,0x00000000f0580000)
  to   space 11264K, 0% used [0x00000000f0580000,0x00000000f0580000,0x00000000f1080000)
 ParOldGen       total 59392K, used 20347K [0x0000000084c00000, 0x0000000088600000, 0x00000000d6f00000)
  object space 59392K, 34% used [0x0000000084c00000,0x0000000085fdecf8,0x0000000088600000)
 Metaspace       used 34672K, capacity 35334K, committed 35496K, reserved 1079296K
  class space    used 5198K, capacity 5429K, committed 5544K, reserved 1048576K
GC Heap History (10 events):
Event: 6,559 GC heap after
Heap after GC invocations=7 (full 0):
 PSYoungGen      total 136704K, used 10030K [0x00000000d6f00000, 0x00000000e7c00000, 0x0000000100000000)
  eden space 126464K, 0% used [0x00000000d6f00000,0x00000000d6f00000,0x00000000dea80000)
  from space 10240K, 97% used [0x00000000dea80000,0x00000000df44baf0,0x00000000df480000)
  to   space 11264K, 0% used [0x00000000e7100000,0x00000000e7100000,0x00000000e7c00000)
 ParOldGen       total 84992K, used 9453K [0x0000000084c00000, 0x0000000089f00000, 0x00000000d6f00000)
  object space 84992K, 11% used [0x0000000084c00000,0x000000008553b658,0x0000000089f00000)
 Metaspace       used 18997K, capacity 19474K, committed 19840K, reserved 1067008K
  class space    used 2180K, capacity 2305K, committed 2432K, reserved 1048576K
}
Event: 7,014 GC heap before
{Heap before GC invocations=8 (full 0):
 PSYoungGen      total 136704K, used 136494K [0x00000000d6f00000, 0x00000000e7c00000, 0x0000000100000000)
  eden space 126464K, 100% used [0x00000000d6f00000,0x00000000dea80000,0x00000000dea80000)
  from space 10240K, 97% used [0x00000000dea80000,0x00000000df44baf0,0x00000000df480000)
  to   space 11264K, 0% used [0x00000000e7100000,0x00000000e7100000,0x00000000e7c00000)
 ParOldGen       total 84992K, used 9453K [0x0000000084c00000, 0x0000000089f00000, 0x00000000d6f00000)
  object space 84992K, 11% used [0x0000000084c00000,0x000000008553b658,0x0000000089f00000)
 Metaspace       used 19163K, capacity 19666K, committed 19840K, reserved 1067008K
  class space    used 2181K, capacity 2305K, committed 2432K, reserved 1048576K
Event: 7,036 GC heap after
Heap after GC invocations=8 (full 0):
 PSYoungGen      total 264192K, used 7744K [0x00000000d6f00000, 0x00000000e7c00000, 0x0000000100000000)
  eden space 252928K, 0% used [0x00000000d6f00000,0x00000000d6f00000,0x00000000e6600000)
  from space 11264K, 68% used [0x00000000e7100000,0x00000000e7890000,0x00000000e7c00000)
  to   space 11264K, 0% used [0x00000000e6600000,0x00000000e6600000,0x00000000e7100000)
 ParOldGen       total 84992K, used 11849K [0x0000000084c00000, 0x0000000089f00000, 0x00000000d6f00000)
  object space 84992K, 13% used [0x0000000084c00000,0x0000000085792668,0x0000000089f00000)
 Metaspace       used 19163K, capacity 19666K, committed 19840K, reserved 1067008K
  class space    used 2181K, capacity 2305K, committed 2432K, reserved 1048576K
}
Event: 7,944 GC heap before
{Heap before GC invocations=9 (full 0):
 PSYoungGen      total 264192K, used 260672K [0x00000000d6f00000, 0x00000000e7c00000, 0x0000000100000000)
  eden space 252928K, 100% used [0x00000000d6f00000,0x00000000e6600000,0x00000000e6600000)
  from space 11264K, 68% used [0x00000000e7100000,0x00000000e7890000,0x00000000e7c00000)
  to   space 11264K, 0% used [0x00000000e6600000,0x00000000e6600000,0x00000000e7100000)
 ParOldGen       total 84992K, used 11849K [0x0000000084c00000, 0x0000000089f00000, 0x00000000d6f00000)
  object space 84992K, 13% used [0x0000000084c00000,0x0000000085792668,0x0000000089f00000)
 Metaspace       used 19688K, capacity 20178K, committed 20352K, reserved 1067008K
  class space    used 2231K, capacity 2369K, committed 2432K, reserved 1048576K
Event: 7,953 GC heap after
Heap after GC invocations=9 (full 0):
 PSYoungGen      total 264192K, used 4079K [0x00000000d6f00000, 0x00000000f1080000, 0x0000000100000000)
  eden space 252928K, 0% used [0x00000000d6f00000,0x00000000d6f00000,0x00000000e6600000)
  from space 11264K, 36% used [0x00000000e6600000,0x00000000e69fbe20,0x00000000e7100000)
  to   space 11264K, 0% used [0x00000000f0580000,0x00000000f0580000,0x00000000f1080000)
 ParOldGen       total 84992K, used 15741K [0x0000000084c00000, 0x0000000089f00000, 0x00000000d6f00000)
  object space 84992K, 18% used [0x0000000084c00000,0x0000000085b5f678,0x0000000089f00000)
 Metaspace       used 19688K, capacity 20178K, committed 20352K, reserved 1067008K
  class space    used 2231K, capacity 2369K, committed 2432K, reserved 1048576K
}
Event: 8,037 GC heap before
{Heap before GC invocations=10 (full 0):
 PSYoungGen      total 264192K, used 9126K [0x00000000d6f00000, 0x00000000f1080000, 0x0000000100000000)
  eden space 252928K, 1% used [0x00000000d6f00000,0x00000000d73ed9f8,0x00000000e6600000)
  from space 11264K, 36% used [0x00000000e6600000,0x00000000e69fbe20,0x00000000e7100000)
  to   space 11264K, 0% used [0x00000000f0580000,0x00000000f0580000,0x00000000f1080000)
 ParOldGen       total 84992K, used 15741K [0x0000000084c00000, 0x0000000089f00000, 0x00000000d6f00000)
  object space 84992K, 18% used [0x0000000084c00000,0x0000000085b5f678,0x0000000089f00000)
 Metaspace       used 20712K, capacity 21170K, committed 21296K, reserved 1069056K
  class space    used 2477K, capacity 2593K, committed 2608K, reserved 1048576K
Event: 8,044 GC heap after
Heap after GC invocations=10 (full 0):
 PSYoungGen      total 415744K, used 2017K [0x00000000d6f00000, 0x00000000f1180000, 0x0000000100000000)
  eden space 404480K, 0% used [0x00000000d6f00000,0x00000000d6f00000,0x00000000efa00000)
  from space 11264K, 17% used [0x00000000f0580000,0x00000000f07784e8,0x00000000f1080000)
  to   space 11776K, 0% used [0x00000000efa00000,0x00000000efa00000,0x00000000f0580000)
 ParOldGen       total 84992K, used 17861K [0x0000000084c00000, 0x0000000089f00000, 0x00000000d6f00000)
  object space 84992K, 21% used [0x0000000084c00000,0x0000000085d71678,0x0000000089f00000)
 Metaspace       used 20712K, capacity 21170K, committed 21296K, reserved 1069056K
  class space    used 2477K, capacity 2593K, committed 2608K, reserved 1048576K
}
Event: 8,044 GC heap before
{Heap before GC invocations=11 (full 1):
 PSYoungGen      total 415744K, used 2017K [0x00000000d6f00000, 0x00000000f1180000, 0x0000000100000000)
  eden space 404480K, 0% used [0x00000000d6f00000,0x00000000d6f00000,0x00000000efa00000)
  from space 11264K, 17% used [0x00000000f0580000,0x00000000f07784e8,0x00000000f1080000)
  to   space 11776K, 0% used [0x00000000efa00000,0x00000000efa00000,0x00000000f0580000)
 ParOldGen       total 84992K, used 17861K [0x0000000084c00000, 0x0000000089f00000, 0x00000000d6f00000)
  object space 84992K, 21% used [0x0000000084c00000,0x0000000085d71678,0x0000000089f00000)
 Metaspace       used 20712K, capacity 21170K, committed 21296K, reserved 1069056K
  class space    used 2477K, capacity 2593K, committed 2608K, reserved 1048576K
Event: 8,112 GC heap after
Heap after GC invocations=11 (full 1):
 PSYoungGen      total 415744K, used 0K [0x00000000d6f00000, 0x00000000f1180000, 0x0000000100000000)
  eden space 404480K, 0% used [0x00000000d6f00000,0x00000000d6f00000,0x00000000efa00000)
  from space 11264K, 0% used [0x00000000f0580000,0x00000000f0580000,0x00000000f1080000)
  to   space 11776K, 0% used [0x00000000efa00000,0x00000000efa00000,0x00000000f0580000)
 ParOldGen       total 59392K, used 15916K [0x0000000084c00000, 0x0000000088600000, 0x00000000d6f00000)
  object space 59392K, 26% used [0x0000000084c00000,0x0000000085b8b1c8,0x0000000088600000)
 Metaspace       used 20712K, capacity 21170K, committed 21296K, reserved 1069056K
  class space    used 2477K, capacity 2593K, committed 2608K, reserved 1048576K
}
Event: 9,742 GC heap before
{Heap before GC invocations=12 (full 1):
 PSYoungGen      total 415744K, used 96969K [0x00000000d6f00000, 0x00000000f1180000, 0x0000000100000000)
  eden space 404480K, 23% used [0x00000000d6f00000,0x00000000dcdb2558,0x00000000efa00000)
  from space 11264K, 0% used [0x00000000f0580000,0x00000000f0580000,0x00000000f1080000)
  to   space 11776K, 0% used [0x00000000efa00000,0x00000000efa00000,0x00000000f0580000)
 ParOldGen       total 59392K, used 15916K [0x0000000084c00000, 0x0000000088600000, 0x00000000d6f00000)
  object space 59392K, 26% used [0x0000000084c00000,0x0000000085b8b1c8,0x0000000088600000)
 Metaspace       used 34672K, capacity 35334K, committed 35496K, reserved 1079296K
  class space    used 5198K, capacity 5429K, committed 5544K, reserved 1048576K

